{"uid":"441288592f0b8a78","name":"Then Verify user is on my account page","fullName":"Verify the functionality of Login: Login to the account.Then Verify user is on my account page","historyId":"3bffe1a12c51ca5322a6344ca83afc32","time":{"start":1668534412248,"stop":1668534413115,"duration":867},"description":"","descriptionHtml":"","status":"failed","statusMessage":"AssertionError","statusTrace":"AssertionError\n                    + expected - actual\n                \n                    -Home Page\n                    +My Account\n                \n                    at CreateAccountPage.verifyMyAccount (E:\\Project\\WebDriverIO-CodeTest\\features\\pageobjects\\createAccount.page.js:89:28)\n                    at process.processTicksAndRejections (node:internal/process/task_queues:95:5)\n                    at async World.<anonymous> (E:\\Project\\WebDriverIO-CodeTest\\features\\step-definitions\\steps.js:35:3)","flaky":false,"newFailed":false,"newBroken":false,"newPassed":false,"retriesCount":2,"retriesStatusChange":true,"beforeStages":[],"testStage":{"status":"failed","statusMessage":"AssertionError","statusTrace":"AssertionError\n                    + expected - actual\n                \n                    -Home Page\n                    +My Account\n                \n                    at CreateAccountPage.verifyMyAccount (E:\\Project\\WebDriverIO-CodeTest\\features\\pageobjects\\createAccount.page.js:89:28)\n                    at process.processTicksAndRejections (node:internal/process/task_queues:95:5)\n                    at async World.<anonymous> (E:\\Project\\WebDriverIO-CodeTest\\features\\step-definitions\\steps.js:35:3)","steps":[],"attachments":[{"uid":"ddc971899321257b","name":"Screenshot","source":"ddc971899321257b.png","type":"image/png","size":459481}],"parameters":[],"stepsCount":0,"hasContent":true,"attachmentsCount":1,"shouldDisplayMessage":true},"afterStages":[],"labels":[{"name":"framework","value":"wdio"},{"name":"language","value":"javascript"},{"name":"thread","value":"0-0"},{"name":"suite","value":"Verify the functionality of Login: Login to the account"},{"name":"testClass","value":"Verify the functionality of Login: Login to the account"},{"name":"testMethod","value":"Then Verify user is on my account page"},{"name":"package","value":"Verify the functionality of Login: Login to the account"},{"name":"resultFormat","value":"allure1"}],"parameters":[{"name":"browser","value":"chrome-107.0.5304.107"}],"links":[],"hidden":false,"retry":false,"extra":{"severity":"normal","retries":[{"uid":"a86eefffa32e59fd","status":"skipped","time":{"start":1668534264990,"stop":1668534264990,"duration":0}},{"uid":"b01eddc62e7f973e","status":"broken","statusDetails":"Step \"Verify user is on my account page\" is not defined. You can ignore this error by setting cucumberOpts.ignoreUndefinedDefinitions as true.","time":{"start":1668533931551,"stop":1668533931552,"duration":1}}],"categories":[{"name":"Product defects","matchedStatuses":[],"flaky":false}],"tags":[]},"source":"441288592f0b8a78.json","parameterValues":["chrome-107.0.5304.107"]}